<?xml version="1.0" encoding="UTF-8"?>
<!-- Generated by org.testng.reporters.JUnitReportReporter -->
<testsuite skipped="0" hostname="M5-L-1Y9W5M2" name="Framework.HomePage" tests="2" failures="0" timestamp="2020-07-14T23:09:38 IST" time="18.334" errors="0">
  <testcase name="basePageNavigation" time="13.283" classname="Framework.HomePage"/>
  <system-out/>
  <testcase name="basePageNavigation" time="5.051" classname="Framework.HomePage"/>
  <system-out/>
</testsuite> <!-- Framework.HomePage -->
