<?xml version="1.0" encoding="UTF-8"?>
<!-- Generated by org.testng.reporters.JUnitReportReporter -->
<testsuite skipped="0" hostname="M5-L-1Y9W5M2" name="Framework.ValidateNavigationBar" tests="1" failures="0" timestamp="2020-07-14T22:57:55 IST" time="0.087" errors="0">
  <testcase name="validateNavigation" time="0.087" classname="Framework.ValidateNavigationBar"/>
  <system-out/>
</testsuite> <!-- Framework.ValidateNavigationBar -->
